<html>
<head>
<title>TestNG:  Default test</title>
<link href="../testng.css" rel="stylesheet" type="text/css" />
<link href="../my-testng.css" rel="stylesheet" type="text/css" />

<style type="text/css">
.log { display: none;} 
.stack-trace { display: none;} 
</style>
<script type="text/javascript">
<!--
function flip(e) {
  current = e.style.display;
  if (current == 'block') {
    e.style.display = 'none';
    return 0;
  }
  else {
    e.style.display = 'block';
    return 1;
  }
}

function toggleBox(szDivId, elem, msg1, msg2)
{
  var res = -1;  if (document.getElementById) {
    res = flip(document.getElementById(szDivId));
  }
  else if (document.all) {
    // this is the way old msie versions work
    res = flip(document.all[szDivId]);
  }
  if(elem) {
    if(res == 0) elem.innerHTML = msg1; else elem.innerHTML = msg2;
  }

}

function toggleAllBoxes() {
  if (document.getElementsByTagName) {
    d = document.getElementsByTagName('div');
    for (i = 0; i < d.length; i++) {
      if (d[i].className == 'log') {
        flip(d[i]);
      }
    }
  }
}

// -->
</script>

</head>
<body>
<h2 align='center'>Default test</h2><table border='1' align="center">
<tr>
<td>Tests passed/Failed/Skipped:</td><td>14/1/0</td>
</tr><tr>
<td>Started on:</td><td>Sun Apr 24 14:41:08 PKT 2022</td>
</tr>
<tr><td>Total time:</td><td>583 seconds (583577 ms)</td>
</tr><tr>
<td>Included groups:</td><td></td>
</tr><tr>
<td>Excluded groups:</td><td></td>
</tr>
</table><p/>
<small><i>(Hover the method name to see the test class name)</i></small><p/>
<table width='100%' border='1' class='invocation-failed'>
<tr><td colspan='4' align='center'><b>FAILED TESTS</b></td></tr>
<tr><td><b>Test method</b></td>
<td width="30%"><b>Exception</b></td>
<td width="10%"><b>Time (seconds)</b></td>
<td><b>Instance</b></td>
</tr>
<tr>
<td title='Master.EMS_Corporate_CampaignList_Execution_Mirror_Prod.MergeCampaignPreviewParentAddressVerification()'><b>MergeCampaignPreviewParentAddressVerification</b><br>Test class: Master.EMS_Corporate_CampaignList_Execution_Mirror_Prod</td>
<td><div><pre>org.openqa.selenium.NoSuchElementException: Cannot locate element with text: asi/320879 AIA Corporate Production Testing  Mirror Company.
For documentation on this error, please visit: http://seleniumhq.org/exceptions/no_such_element.html
Build info: version: &apos;3.14.0&apos;, revision: &apos;aacccce0&apos;, time: &apos;2018-08-02T20:19:58.91Z&apos;
System info: host: &apos;MACPK-WKS-0135&apos;, ip: &apos;192.168.8.100&apos;, os.name: &apos;Windows 10&apos;, os.arch: &apos;amd64&apos;, os.version: &apos;10.0&apos;, java.version: &apos;15.0.1&apos;
Driver info: driver.version: unknown
	at org.openqa.selenium.support.ui.Select.selectByVisibleText(Select.java:151)
	at EMS_Corporate_CampaignList_TestCases_Prod.Corporate_MergeCampaign_Scenarios.MergeCampaignPreview_ParentAddressVerification(Corporate_MergeCampaign_Scenarios.java:593)
	at Master.EMS_Corporate_CampaignList_Execution_Mirror_Prod.MergeCampaignPreviewParentAddressVerification(EMS_Corporate_CampaignList_Execution_Mirror_Prod.java:124)
	at java.base/jdk.internal.reflect.NativeMethodAccessorImpl.invoke0(Native Method)
	at java.base/jdk.internal.reflect.NativeMethodAccessorImpl.invoke(NativeMethodAccessorImpl.java:64)
	at java.base/jdk.internal.reflect.DelegatingMethodAccessorImpl.invoke(DelegatingMethodAccessorImpl.java:43)
	at java.base/java.lang.reflect.Method.invoke(Method.java:564)
	at org.testng.internal.MethodInvocationHelper.invokeMethod(MethodInvocationHelper.java:132)
	at org.testng.internal.TestInvoker.invokeMethod(TestInvoker.java:599)
	at org.testng.internal.TestInvoker.invokeTestMethod(TestInvoker.java:174)
	at org.testng.internal.MethodRunner.runInSequence(MethodRunner.java:46)
	at org.testng.internal.TestInvoker$MethodInvocationAgent.invoke(TestInvoker.java:822)
	at org.testng.internal.TestInvoker.invokeTestMethods(TestInvoker.java:147)
	at org.testng.internal.TestMethodWorker.invokeTestMethods(TestMethodWorker.java:146)
	at org.testng.internal.TestMethodWorker.run(TestMethodWorker.java:128)
	at java.base/java.util.ArrayList.forEach(ArrayList.java:1511)
	at org.testng.TestRunner.privateRun(TestRunner.java:764)
	at org.testng.TestRunner.run(TestRunner.java:585)
	at org.testng.SuiteRunner.runTest(SuiteRunner.java:384)
	at org.testng.SuiteRunner.runSequentially(SuiteRunner.java:378)
	at org.testng.SuiteRunner.privateRun(SuiteRunner.java:337)
	at org.testng.SuiteRunner.run(SuiteRunner.java:286)
	at org.testng.SuiteRunnerWorker.runSuite(SuiteRunnerWorker.java:53)
	at org.testng.SuiteRunnerWorker.run(SuiteRunnerWorker.java:96)
	at org.testng.TestNG.runSuitesSequentially(TestNG.java:1218)
	at org.testng.TestNG.runSuitesLocally(TestNG.java:1140)
	at org.testng.TestNG.runSuites(TestNG.java:1069)
	at org.testng.TestNG.run(TestNG.java:1037)
	at org.testng.remote.AbstractRemoteTestNG.run(AbstractRemoteTestNG.java:115)
	at org.testng.remote.RemoteTestNG.initAndRun(RemoteTestNG.java:251)
	at org.testng.remote.RemoteTestNG.main(RemoteTestNG.java:77)
</pre></div><a href='#' onClick='toggleBox("stack-trace556773329", this, "Click to show all stack frames", "Click to hide stack frames")'>Click to show all stack frames</a>
<div class='stack-trace' id='stack-trace556773329'><pre>org.openqa.selenium.NoSuchElementException: Cannot locate element with text: asi/320879 AIA Corporate Production Testing  Mirror Company.
For documentation on this error, please visit: http://seleniumhq.org/exceptions/no_such_element.html
Build info: version: &apos;3.14.0&apos;, revision: &apos;aacccce0&apos;, time: &apos;2018-08-02T20:19:58.91Z&apos;
System info: host: &apos;MACPK-WKS-0135&apos;, ip: &apos;192.168.8.100&apos;, os.name: &apos;Windows 10&apos;, os.arch: &apos;amd64&apos;, os.version: &apos;10.0&apos;, java.version: &apos;15.0.1&apos;
Driver info: driver.version: unknown
	at org.openqa.selenium.support.ui.Select.selectByVisibleText(Select.java:151)
	at EMS_Corporate_CampaignList_TestCases_Prod.Corporate_MergeCampaign_Scenarios.MergeCampaignPreview_ParentAddressVerification(Corporate_MergeCampaign_Scenarios.java:593)
	at Master.EMS_Corporate_CampaignList_Execution_Mirror_Prod.MergeCampaignPreviewParentAddressVerification(EMS_Corporate_CampaignList_Execution_Mirror_Prod.java:124)
	at java.base/jdk.internal.reflect.NativeMethodAccessorImpl.invoke0(Native Method)
	at java.base/jdk.internal.reflect.NativeMethodAccessorImpl.invoke(NativeMethodAccessorImpl.java:64)
	at java.base/jdk.internal.reflect.DelegatingMethodAccessorImpl.invoke(DelegatingMethodAccessorImpl.java:43)
	at java.base/java.lang.reflect.Method.invoke(Method.java:564)
	at org.testng.internal.MethodInvocationHelper.invokeMethod(MethodInvocationHelper.java:132)
	at org.testng.internal.TestInvoker.invokeMethod(TestInvoker.java:599)
	at org.testng.internal.TestInvoker.invokeTestMethod(TestInvoker.java:174)
	at org.testng.internal.MethodRunner.runInSequence(MethodRunner.java:46)
	at org.testng.internal.TestInvoker$MethodInvocationAgent.invoke(TestInvoker.java:822)
	at org.testng.internal.TestInvoker.invokeTestMethods(TestInvoker.java:147)
	at org.testng.internal.TestMethodWorker.invokeTestMethods(TestMethodWorker.java:146)
	at org.testng.internal.TestMethodWorker.run(TestMethodWorker.java:128)
	at java.base/java.util.ArrayList.forEach(ArrayList.java:1511)
	at org.testng.TestRunner.privateRun(TestRunner.java:764)
	at org.testng.TestRunner.run(TestRunner.java:585)
	at org.testng.SuiteRunner.runTest(SuiteRunner.java:384)
	at org.testng.SuiteRunner.runSequentially(SuiteRunner.java:378)
	at org.testng.SuiteRunner.privateRun(SuiteRunner.java:337)
	at org.testng.SuiteRunner.run(SuiteRunner.java:286)
	at org.testng.SuiteRunnerWorker.runSuite(SuiteRunnerWorker.java:53)
	at org.testng.SuiteRunnerWorker.run(SuiteRunnerWorker.java:96)
	at org.testng.TestNG.runSuitesSequentially(TestNG.java:1218)
	at org.testng.TestNG.runSuitesLocally(TestNG.java:1140)
	at org.testng.TestNG.runSuites(TestNG.java:1069)
	at org.testng.TestNG.run(TestNG.java:1037)
	at org.testng.remote.AbstractRemoteTestNG.run(AbstractRemoteTestNG.java:115)
	at org.testng.remote.RemoteTestNG.initAndRun(RemoteTestNG.java:251)
	at org.testng.remote.RemoteTestNG.main(RemoteTestNG.java:77)
</pre></div></td>
<td>33</td>
<td>Master.EMS_Corporate_CampaignList_Execution_Mirror_Prod@3a6bb9bf</td></tr>
</table><p>
<table width='100%' border='1' class='invocation-passed'>
<tr><td colspan='4' align='center'><b>PASSED TESTS</b></td></tr>
<tr><td><b>Test method</b></td>
<td width="30%"><b>Exception</b></td>
<td width="10%"><b>Time (seconds)</b></td>
<td><b>Instance</b></td>
</tr>
<tr>
<td title='Master.EMS_Corporate_CampaignList_Execution_Mirror_Prod.Blank_TemplateCreation()'><b>Blank_TemplateCreation</b><br>Test class: Master.EMS_Corporate_CampaignList_Execution_Mirror_Prod</td>
<td></td>
<td>18</td>
<td>Master.EMS_Corporate_CampaignList_Execution_Mirror_Prod@3a6bb9bf</td></tr>
<tr>
<td title='Master.EMS_Corporate_CampaignList_Execution_Mirror_Prod.CreateListVisibility_ToCampaignOwner()'><b>CreateListVisibility_ToCampaignOwner</b><br>Test class: Master.EMS_Corporate_CampaignList_Execution_Mirror_Prod</td>
<td></td>
<td>163</td>
<td>Master.EMS_Corporate_CampaignList_Execution_Mirror_Prod@3a6bb9bf</td></tr>
<tr>
<td title='Master.EMS_Corporate_CampaignList_Execution_Mirror_Prod.LinkTOURLButton_PopUpMessage_MergeCampaignVerification()'><b>LinkTOURLButton_PopUpMessage_MergeCampaignVerification</b><br>Test class: Master.EMS_Corporate_CampaignList_Execution_Mirror_Prod</td>
<td></td>
<td>10</td>
<td>Master.EMS_Corporate_CampaignList_Execution_Mirror_Prod@3a6bb9bf</td></tr>
<tr>
<td title='Master.EMS_Corporate_CampaignList_Execution_Mirror_Prod.ListCreation_FromCampaign()'><b>ListCreation_FromCampaign</b><br>Test class: Master.EMS_Corporate_CampaignList_Execution_Mirror_Prod</td>
<td></td>
<td>31</td>
<td>Master.EMS_Corporate_CampaignList_Execution_Mirror_Prod@3a6bb9bf</td></tr>
<tr>
<td title='Master.EMS_Corporate_CampaignList_Execution_Mirror_Prod.LoginApp()'><b>LoginApp</b><br>Test class: Master.EMS_Corporate_CampaignList_Execution_Mirror_Prod</td>
<td></td>
<td>88</td>
<td>Master.EMS_Corporate_CampaignList_Execution_Mirror_Prod@3a6bb9bf</td></tr>
<tr>
<td title='Master.EMS_Corporate_CampaignList_Execution_Mirror_Prod.MergeCampaignPreviewChildAddressVerification()'><b>MergeCampaignPreviewChildAddressVerification</b><br>Test class: Master.EMS_Corporate_CampaignList_Execution_Mirror_Prod</td>
<td></td>
<td>4</td>
<td>Master.EMS_Corporate_CampaignList_Execution_Mirror_Prod@3a6bb9bf</td></tr>
<tr>
<td title='Master.EMS_Corporate_CampaignList_Execution_Mirror_Prod.MergeCampaignSendTestEmail()'><b>MergeCampaignSendTestEmail</b><br>Test class: Master.EMS_Corporate_CampaignList_Execution_Mirror_Prod</td>
<td></td>
<td>12</td>
<td>Master.EMS_Corporate_CampaignList_Execution_Mirror_Prod@3a6bb9bf</td></tr>
<tr>
<td title='Master.EMS_Corporate_CampaignList_Execution_Mirror_Prod.MergeCampaign_Sent()'><b>MergeCampaign_Sent</b><br>Test class: Master.EMS_Corporate_CampaignList_Execution_Mirror_Prod</td>
<td></td>
<td>12</td>
<td>Master.EMS_Corporate_CampaignList_Execution_Mirror_Prod@3a6bb9bf</td></tr>
<tr>
<td title='Master.EMS_Corporate_CampaignList_Execution_Mirror_Prod.RestoreDefault_FromField_CamapignInfoVerification()'><b>RestoreDefault_FromField_CamapignInfoVerification</b><br>Test class: Master.EMS_Corporate_CampaignList_Execution_Mirror_Prod</td>
<td></td>
<td>29</td>
<td>Master.EMS_Corporate_CampaignList_Execution_Mirror_Prod@3a6bb9bf</td></tr>
<tr>
<td title='Master.EMS_Corporate_CampaignList_Execution_Mirror_Prod.RestoreDefault_HTMLLinkWebsite_LogoStepVerification()'><b>RestoreDefault_HTMLLinkWebsite_LogoStepVerification</b><br>Test class: Master.EMS_Corporate_CampaignList_Execution_Mirror_Prod</td>
<td></td>
<td>15</td>
<td>Master.EMS_Corporate_CampaignList_Execution_Mirror_Prod@3a6bb9bf</td></tr>
<tr>
<td title='Master.EMS_Corporate_CampaignList_Execution_Mirror_Prod.SendStep_SendMailDrop_WithMultipleTenentSelection_MergeCampaignVerification()'><b>SendStep_SendMailDrop_WithMultipleTenentSelection_MergeCampaignVerification</b><br>Test class: Master.EMS_Corporate_CampaignList_Execution_Mirror_Prod</td>
<td></td>
<td>41</td>
<td>Master.EMS_Corporate_CampaignList_Execution_Mirror_Prod@3a6bb9bf</td></tr>
<tr>
<td title='Master.EMS_Corporate_CampaignList_Execution_Mirror_Prod.SettingsCorpChildValueStoring()'><b>SettingsCorpChildValueStoring</b><br>Test class: Master.EMS_Corporate_CampaignList_Execution_Mirror_Prod</td>
<td></td>
<td>42</td>
<td>Master.EMS_Corporate_CampaignList_Execution_Mirror_Prod@3a6bb9bf</td></tr>
<tr>
<td title='Master.EMS_Corporate_CampaignList_Execution_Mirror_Prod.SocialLinks_Fields_RestoreDefaults_WithHTTPTextVerification()'><b>SocialLinks_Fields_RestoreDefaults_WithHTTPTextVerification</b><br>Test class: Master.EMS_Corporate_CampaignList_Execution_Mirror_Prod</td>
<td></td>
<td>34</td>
<td>Master.EMS_Corporate_CampaignList_Execution_Mirror_Prod@3a6bb9bf</td></tr>
<tr>
<td title='Master.EMS_Corporate_CampaignList_Execution_Mirror_Prod.TenentConfig()'><b>TenentConfig</b><br>Test class: Master.EMS_Corporate_CampaignList_Execution_Mirror_Prod</td>
<td></td>
<td>8</td>
<td>Master.EMS_Corporate_CampaignList_Execution_Mirror_Prod@3a6bb9bf</td></tr>
</table><p>
</body>
</html>