<?xml version="1.0" encoding="UTF-8"?>
<!-- Generated by org.testng.reporters.JUnitXMLReporter -->
<testsuite ignored="0" hostname="macpk-wks-0135" failures="1" tests="15" name="Default test" time="583.577" errors="0" timestamp="2022-04-24T14:50:52 PKT">
  <testcase classname="Master.EMS_Corporate_CampaignList_Execution_Mirror_Prod" name="LoginApp" time="88.393"/>
  <testcase classname="Master.EMS_Corporate_CampaignList_Execution_Mirror_Prod" name="TenentConfig" time="8.618"/>
  <testcase classname="Master.EMS_Corporate_CampaignList_Execution_Mirror_Prod" name="SettingsCorpChildValueStoring" time="42.429"/>
  <testcase classname="Master.EMS_Corporate_CampaignList_Execution_Mirror_Prod" name="CreateListVisibility_ToCampaignOwner" time="163.974"/>
  <testcase classname="Master.EMS_Corporate_CampaignList_Execution_Mirror_Prod" name="RestoreDefault_FromField_CamapignInfoVerification" time="29.705"/>
  <testcase classname="Master.EMS_Corporate_CampaignList_Execution_Mirror_Prod" name="Blank_TemplateCreation" time="18.507"/>
  <testcase classname="Master.EMS_Corporate_CampaignList_Execution_Mirror_Prod" name="RestoreDefault_HTMLLinkWebsite_LogoStepVerification" time="15.061"/>
  <testcase classname="Master.EMS_Corporate_CampaignList_Execution_Mirror_Prod" name="SocialLinks_Fields_RestoreDefaults_WithHTTPTextVerification" time="34.555"/>
  <testcase classname="Master.EMS_Corporate_CampaignList_Execution_Mirror_Prod" name="LinkTOURLButton_PopUpMessage_MergeCampaignVerification" time="10.628"/>
  <testcase classname="Master.EMS_Corporate_CampaignList_Execution_Mirror_Prod" name="ListCreation_FromCampaign" time="31.374"/>
  <testcase classname="Master.EMS_Corporate_CampaignList_Execution_Mirror_Prod" name="SendStep_SendMailDrop_WithMultipleTenentSelection_MergeCampaignVerification" time="41.468"/>
  <testcase classname="Master.EMS_Corporate_CampaignList_Execution_Mirror_Prod" name="MergeCampaignPreviewParentAddressVerification" time="33.851">
    <failure type="org.openqa.selenium.NoSuchElementException" message="Cannot locate element with text: asi/320879 AIA Corporate Production Testing  Mirror Company.
For documentation on this error, please visit: http://seleniumhq.org/exceptions/no_such_element.html
Build info: version: &amp;apos;3.14.0&amp;apos;, revision: &amp;apos;aacccce0&amp;apos;, time: &amp;apos;2018-08-02T20:19:58.91Z&amp;apos;
System info: host: &amp;apos;MACPK-WKS-0135&amp;apos;, ip: &amp;apos;192.168.8.100&amp;apos;, os.name: &amp;apos;Windows 10&amp;apos;, os.arch: &amp;apos;amd64&amp;apos;, os.version: &amp;apos;10.0&amp;apos;, java.version: &amp;apos;15.0.1&amp;apos;
Driver info: driver.version: unknown">
      <![CDATA[org.openqa.selenium.NoSuchElementException: Cannot locate element with text: asi/320879 AIA Corporate Production Testing  Mirror Company.
For documentation on this error, please visit: http://seleniumhq.org/exceptions/no_such_element.html
Build info: version: '3.14.0', revision: 'aacccce0', time: '2018-08-02T20:19:58.91Z'
System info: host: 'MACPK-WKS-0135', ip: '192.168.8.100', os.name: 'Windows 10', os.arch: 'amd64', os.version: '10.0', java.version: '15.0.1'
Driver info: driver.version: unknown
at org.openqa.selenium.support.ui.Select.selectByVisibleText(Select.java:151)
at EMS_Corporate_CampaignList_TestCases_Prod.Corporate_MergeCampaign_Scenarios.MergeCampaignPreview_ParentAddressVerification(Corporate_MergeCampaign_Scenarios.java:593)
at Master.EMS_Corporate_CampaignList_Execution_Mirror_Prod.MergeCampaignPreviewParentAddressVerification(EMS_Corporate_CampaignList_Execution_Mirror_Prod.java:124)
at java.base/jdk.internal.reflect.NativeMethodAccessorImpl.invoke0(Native Method)
at java.base/jdk.internal.reflect.NativeMethodAccessorImpl.invoke(NativeMethodAccessorImpl.java:64)
at java.base/jdk.internal.reflect.DelegatingMethodAccessorImpl.invoke(DelegatingMethodAccessorImpl.java:43)
at java.base/java.lang.reflect.Method.invoke(Method.java:564)
at org.testng.internal.MethodInvocationHelper.invokeMethod(MethodInvocationHelper.java:132)
at org.testng.internal.TestInvoker.invokeMethod(TestInvoker.java:599)
at org.testng.internal.TestInvoker.invokeTestMethod(TestInvoker.java:174)
at org.testng.internal.MethodRunner.runInSequence(MethodRunner.java:46)
at org.testng.internal.TestInvoker$MethodInvocationAgent.invoke(TestInvoker.java:822)
at org.testng.internal.TestInvoker.invokeTestMethods(TestInvoker.java:147)
at org.testng.internal.TestMethodWorker.invokeTestMethods(TestMethodWorker.java:146)
at org.testng.internal.TestMethodWorker.run(TestMethodWorker.java:128)
at java.base/java.util.ArrayList.forEach(ArrayList.java:1511)
at org.testng.TestRunner.privateRun(TestRunner.java:764)
at org.testng.TestRunner.run(TestRunner.java:585)
at org.testng.SuiteRunner.runTest(SuiteRunner.java:384)
at org.testng.SuiteRunner.runSequentially(SuiteRunner.java:378)
at org.testng.SuiteRunner.privateRun(SuiteRunner.java:337)
at org.testng.SuiteRunner.run(SuiteRunner.java:286)
at org.testng.SuiteRunnerWorker.runSuite(SuiteRunnerWorker.java:53)
at org.testng.SuiteRunnerWorker.run(SuiteRunnerWorker.java:96)
at org.testng.TestNG.runSuitesSequentially(TestNG.java:1218)
at org.testng.TestNG.runSuitesLocally(TestNG.java:1140)
at org.testng.TestNG.runSuites(TestNG.java:1069)
at org.testng.TestNG.run(TestNG.java:1037)
at org.testng.remote.AbstractRemoteTestNG.run(AbstractRemoteTestNG.java:115)
at org.testng.remote.RemoteTestNG.initAndRun(RemoteTestNG.java:251)
at org.testng.remote.RemoteTestNG.main(RemoteTestNG.java:77)
]]>
    </failure>
  </testcase> <!-- MergeCampaignPreviewParentAddressVerification -->
  <testcase classname="Master.EMS_Corporate_CampaignList_Execution_Mirror_Prod" name="MergeCampaignPreviewChildAddressVerification" time="4.542"/>
  <testcase classname="Master.EMS_Corporate_CampaignList_Execution_Mirror_Prod" name="MergeCampaignSendTestEmail" time="12.064"/>
  <testcase classname="Master.EMS_Corporate_CampaignList_Execution_Mirror_Prod" name="MergeCampaign_Sent" time="12.29"/>
</testsuite> <!-- Default test -->
