<?xml version="1.0" encoding="UTF-8"?>
<!-- Generated by org.testng.reporters.JUnitReportReporter -->
<testsuite hostname="macpk-wks-0135" failures="0" tests="15" name="Master.EMS_Corporate_CampaignList_Execution_Mirror_Prod" time="552.928" errors="1" timestamp="2022-04-24T14:50:52 PKT" skipped="0">
  <testcase classname="Master.EMS_Corporate_CampaignList_Execution_Mirror_Prod" name="LoginApp" time="88.665"/>
  <system-out/>
  <testcase classname="Master.EMS_Corporate_CampaignList_Execution_Mirror_Prod" name="TenentConfig" time="8.826"/>
  <system-out/>
  <testcase classname="Master.EMS_Corporate_CampaignList_Execution_Mirror_Prod" name="SettingsCorpChildValueStoring" time="42.619"/>
  <system-out/>
  <testcase classname="Master.EMS_Corporate_CampaignList_Execution_Mirror_Prod" name="CreateListVisibility_ToCampaignOwner" time="164.206"/>
  <system-out/>
  <testcase classname="Master.EMS_Corporate_CampaignList_Execution_Mirror_Prod" name="RestoreDefault_FromField_CamapignInfoVerification" time="31.657"/>
  <system-out/>
  <testcase classname="Master.EMS_Corporate_CampaignList_Execution_Mirror_Prod" name="Blank_TemplateCreation" time="18.664"/>
  <system-out/>
  <testcase classname="Master.EMS_Corporate_CampaignList_Execution_Mirror_Prod" name="RestoreDefault_HTMLLinkWebsite_LogoStepVerification" time="15.272"/>
  <system-out/>
  <testcase classname="Master.EMS_Corporate_CampaignList_Execution_Mirror_Prod" name="SocialLinks_Fields_RestoreDefaults_WithHTTPTextVerification" time="34.806"/>
  <system-out/>
  <testcase classname="Master.EMS_Corporate_CampaignList_Execution_Mirror_Prod" name="LinkTOURLButton_PopUpMessage_MergeCampaignVerification" time="10.953"/>
  <system-out/>
  <testcase classname="Master.EMS_Corporate_CampaignList_Execution_Mirror_Prod" name="ListCreation_FromCampaign" time="31.894"/>
  <system-out/>
  <testcase classname="Master.EMS_Corporate_CampaignList_Execution_Mirror_Prod" name="SendStep_SendMailDrop_WithMultipleTenentSelection_MergeCampaignVerification" time="41.663"/>
  <system-out/>
  <testcase classname="Master.EMS_Corporate_CampaignList_Execution_Mirror_Prod" name="MergeCampaignPreviewParentAddressVerification" time="34.073">
    <error message="Cannot locate element with text: asi/320879 AIA Corporate Production Testing  Mirror Company.
For documentation on this error, please visit: http://seleniumhq.org/exceptions/no_such_element.html
Build info: version: &#039;3.14.0&#039;, revision: &#039;aacccce0&#039;, time: &#039;2018-08-02T20:19:58.91Z&#039;
System info: host: &#039;MACPK-WKS-0135&#039;, ip: &#039;192.168.8.100&#039;, os.name: &#039;Windows 10&#039;, os.arch: &#039;amd64&#039;, os.version: &#039;10.0&#039;, java.version: &#039;15.0.1&#039;
Driver info: driver.version: unknown" type="org.openqa.selenium.NoSuchElementException">
      <![CDATA[org.openqa.selenium.NoSuchElementException: Cannot locate element with text: asi/320879 AIA Corporate Production Testing  Mirror Company.
For documentation on this error, please visit: http://seleniumhq.org/exceptions/no_such_element.html
Build info: version: '3.14.0', revision: 'aacccce0', time: '2018-08-02T20:19:58.91Z'
System info: host: 'MACPK-WKS-0135', ip: '192.168.8.100', os.name: 'Windows 10', os.arch: 'amd64', os.version: '10.0', java.version: '15.0.1'
Driver info: driver.version: unknown
at org.openqa.selenium.support.ui.Select.selectByVisibleText(Select.java:151)
at EMS_Corporate_CampaignList_TestCases_Prod.Corporate_MergeCampaign_Scenarios.MergeCampaignPreview_ParentAddressVerification(Corporate_MergeCampaign_Scenarios.java:593)
at Master.EMS_Corporate_CampaignList_Execution_Mirror_Prod.MergeCampaignPreviewParentAddressVerification(EMS_Corporate_CampaignList_Execution_Mirror_Prod.java:124)
at java.base/jdk.internal.reflect.NativeMethodAccessorImpl.invoke0(Native Method)
at java.base/jdk.internal.reflect.NativeMethodAccessorImpl.invoke(NativeMethodAccessorImpl.java:64)
at java.base/jdk.internal.reflect.DelegatingMethodAccessorImpl.invoke(DelegatingMethodAccessorImpl.java:43)
at java.base/java.lang.reflect.Method.invoke(Method.java:564)
at org.testng.internal.MethodInvocationHelper.invokeMethod(MethodInvocationHelper.java:132)
at org.testng.internal.TestInvoker.invokeMethod(TestInvoker.java:599)
at org.testng.internal.TestInvoker.invokeTestMethod(TestInvoker.java:174)
at org.testng.internal.MethodRunner.runInSequence(MethodRunner.java:46)
at org.testng.internal.TestInvoker$MethodInvocationAgent.invoke(TestInvoker.java:822)
at org.testng.internal.TestInvoker.invokeTestMethods(TestInvoker.java:147)
at org.testng.internal.TestMethodWorker.invokeTestMethods(TestMethodWorker.java:146)
at org.testng.internal.TestMethodWorker.run(TestMethodWorker.java:128)
at java.base/java.util.ArrayList.forEach(ArrayList.java:1511)
at org.testng.TestRunner.privateRun(TestRunner.java:764)
at org.testng.TestRunner.run(TestRunner.java:585)
at org.testng.SuiteRunner.runTest(SuiteRunner.java:384)
at org.testng.SuiteRunner.runSequentially(SuiteRunner.java:378)
at org.testng.SuiteRunner.privateRun(SuiteRunner.java:337)
at org.testng.SuiteRunner.run(SuiteRunner.java:286)
at org.testng.SuiteRunnerWorker.runSuite(SuiteRunnerWorker.java:53)
at org.testng.SuiteRunnerWorker.run(SuiteRunnerWorker.java:96)
at org.testng.TestNG.runSuitesSequentially(TestNG.java:1218)
at org.testng.TestNG.runSuitesLocally(TestNG.java:1140)
at org.testng.TestNG.runSuites(TestNG.java:1069)
at org.testng.TestNG.run(TestNG.java:1037)
at org.testng.remote.AbstractRemoteTestNG.run(AbstractRemoteTestNG.java:115)
at org.testng.remote.RemoteTestNG.initAndRun(RemoteTestNG.java:251)
at org.testng.remote.RemoteTestNG.main(RemoteTestNG.java:77)
]]>
    </error>
  </testcase> <!-- MergeCampaignPreviewParentAddressVerification -->
  <system-out/>
  <testcase classname="Master.EMS_Corporate_CampaignList_Execution_Mirror_Prod" name="MergeCampaignPreviewChildAddressVerification" time="4.721"/>
  <system-out/>
  <testcase classname="Master.EMS_Corporate_CampaignList_Execution_Mirror_Prod" name="MergeCampaignSendTestEmail" time="12.267"/>
  <system-out/>
  <testcase classname="Master.EMS_Corporate_CampaignList_Execution_Mirror_Prod" name="MergeCampaign_Sent" time="12.642"/>
  <system-out/>
</testsuite> <!-- Master.EMS_Corporate_CampaignList_Execution_Mirror_Prod -->
